<?xml version="1.0" encoding="UTF-8"?>
<testsuite xmlns:xsi="http://www.w3.org/2001/XMLSchema-instance" xsi:noNamespaceSchemaLocation="https://maven.apache.org/surefire/maven-surefire-plugin/xsd/surefire-test-report-3.0.xsd" version="3.0" name="Test" time="0.004" tests="0" errors="0" skipped="0" failures="0">
  <properties>
    <property name="java.specification.version" value="17"/>
    <property name="sun.cpu.isalist" value="amd64"/>
    <property name="sun.jnu.encoding" value="Cp1252"/>
    <property name="java.class.path" value="C:\Users\Renato\IdeaProjects\cobalt\Cobalt\examples\commands\target\test-classes;C:\Users\Renato\IdeaProjects\cobalt\Cobalt\examples\commands\target\classes;C:\Users\Renato\.m2\repository\com\github\auties00\whatsappweb4j\3.4.8\whatsappweb4j-3.4.8.jar;C:\Users\Renato\.m2\repository\org\projectlombok\lombok\1.18.28\lombok-1.18.28.jar;C:\Users\Renato\.m2\repository\com\google\zxing\javase\3.5.1\javase-3.5.1.jar;C:\Users\Renato\.m2\repository\com\google\zxing\core\3.5.1\core-3.5.1.jar;C:\Users\Renato\.m2\repository\com\beust\jcommander\1.82\jcommander-1.82.jar;C:\Users\Renato\.m2\repository\com\github\jai-imageio\jai-imageio-core\1.4.0\jai-imageio-core-1.4.0.jar;C:\Users\Renato\.m2\repository\org\bouncycastle\bcpkix-jdk15on\1.70\bcpkix-jdk15on-1.70.jar;C:\Users\Renato\.m2\repository\org\bouncycastle\bcutil-jdk15on\1.70\bcutil-jdk15on-1.70.jar;C:\Users\Renato\.m2\repository\org\bouncycastle\bcprov-jdk15on\1.70\bcprov-jdk15on-1.70.jar;C:\Users\Renato\.m2\repository\com\github\auties00\protobuf-base\2.0.5\protobuf-base-2.0.5.jar;C:\Users\Renato\.m2\repository\com\fasterxml\jackson\core\jackson-databind\2.15.2\jackson-databind-2.15.2.jar;C:\Users\Renato\.m2\repository\com\fasterxml\jackson\core\jackson-annotations\2.15.2\jackson-annotations-2.15.2.jar;C:\Users\Renato\.m2\repository\com\fasterxml\jackson\core\jackson-core\2.15.2\jackson-core-2.15.2.jar;C:\Users\Renato\.m2\repository\com\fasterxml\jackson\datatype\jackson-datatype-jsr310\2.15.2\jackson-datatype-jsr310-2.15.2.jar;C:\Users\Renato\.m2\repository\com\fasterxml\jackson\datatype\jackson-datatype-jdk8\2.15.2\jackson-datatype-jdk8-2.15.2.jar;C:\Users\Renato\.m2\repository\com\fasterxml\jackson\dataformat\jackson-dataformat-smile\2.15.2\jackson-dataformat-smile-2.15.2.jar;C:\Users\Renato\.m2\repository\com\github\auties00\map-module\1.3\map-module-1.3.jar;C:\Users\Renato\.m2\repository\com\github\auties00\curve25519\1.1\curve25519-1.1.jar;C:\Users\Renato\.m2\repository\io\github\classgraph\classgraph\4.8.160\classgraph-4.8.160.jar;C:\Users\Renato\.m2\repository\com\github\auties00\link-preview\2.1\link-preview-2.1.jar;C:\Users\Renato\.m2\repository\org\jsoup\jsoup\1.15.3\jsoup-1.15.3.jar;C:\Users\Renato\.m2\repository\com\github\auties00\qr-terminal\2.2\qr-terminal-2.2.jar;C:\Users\Renato\.m2\repository\com\googlecode\ez-vcard\ez-vcard\0.11.3\ez-vcard-0.11.3.jar;C:\Users\Renato\.m2\repository\com\github\mangstadt\vinnie\2.0.2\vinnie-2.0.2.jar;C:\Users\Renato\.m2\repository\org\freemarker\freemarker\2.3.31\freemarker-2.3.31.jar;C:\Users\Renato\.m2\repository\com\googlecode\libphonenumber\libphonenumber\8.13.13\libphonenumber-8.13.13.jar;C:\Users\Renato\.m2\repository\net\dongliu\apk-parser\2.6.10\apk-parser-2.6.10.jar;C:\Users\Renato\.m2\repository\org\apache\pdfbox\pdfbox\2.0.27\pdfbox-2.0.27.jar;C:\Users\Renato\.m2\repository\org\apache\pdfbox\fontbox\2.0.27\fontbox-2.0.27.jar;C:\Users\Renato\.m2\repository\commons-logging\commons-logging\1.2\commons-logging-1.2.jar;C:\Users\Renato\.m2\repository\org\apache\poi\poi-ooxml\5.2.3\poi-ooxml-5.2.3.jar;C:\Users\Renato\.m2\repository\org\apache\poi\poi\5.2.3\poi-5.2.3.jar;C:\Users\Renato\.m2\repository\com\zaxxer\SparseBitSet\1.2\SparseBitSet-1.2.jar;C:\Users\Renato\.m2\repository\org\apache\poi\poi-ooxml-lite\5.2.3\poi-ooxml-lite-5.2.3.jar;C:\Users\Renato\.m2\repository\org\apache\xmlbeans\xmlbeans\5.1.1\xmlbeans-5.1.1.jar;C:\Users\Renato\.m2\repository\org\apache\commons\commons-compress\1.21\commons-compress-1.21.jar;C:\Users\Renato\.m2\repository\commons-io\commons-io\2.11.0\commons-io-2.11.0.jar;C:\Users\Renato\.m2\repository\com\github\virtuald\curvesapi\1.07\curvesapi-1.07.jar;C:\Users\Renato\.m2\repository\org\apache\logging\log4j\log4j-api\2.18.0\log4j-api-2.18.0.jar;C:\Users\Renato\.m2\repository\org\apache\commons\commons-collections4\4.4\commons-collections4-4.4.jar;C:\Users\Renato\.m2\repository\org\apache\poi\poi-scratchpad\5.2.3\poi-scratchpad-5.2.3.jar;C:\Users\Renato\.m2\repository\org\apache\commons\commons-math3\3.6.1\commons-math3-3.6.1.jar;C:\Users\Renato\.m2\repository\commons-codec\commons-codec\1.15\commons-codec-1.15.jar;C:\Users\Renato\.m2\repository\io\netty\netty-buffer\4.1.93.Final\netty-buffer-4.1.93.Final.jar;C:\Users\Renato\.m2\repository\io\netty\netty-common\4.1.93.Final\netty-common-4.1.93.Final.jar;C:\Users\Renato\.m2\repository\org\apache\logging\log4j\log4j-core\2.20.0\log4j-core-2.20.0.jar;C:\Users\Renato\.m2\repository\org\slf4j\slf4j-nop\2.0.7\slf4j-nop-2.0.7.jar;C:\Users\Renato\.m2\repository\org\slf4j\slf4j-api\2.0.7\slf4j-api-2.0.7.jar;"/>
    <property name="java.vm.vendor" value="Eclipse Adoptium"/>
    <property name="sun.arch.data.model" value="64"/>
    <property name="user.variant" value=""/>
    <property name="java.vendor.url" value="https://adoptium.net/"/>
    <property name="user.timezone" value="America/Sao_Paulo"/>
    <property name="os.name" value="Windows 10"/>
    <property name="java.vm.specification.version" value="17"/>
    <property name="sun.java.launcher" value="SUN_STANDARD"/>
    <property name="user.country" value="BR"/>
    <property name="sun.boot.library.path" value="C:\Users\Renato\.jdks\temurin-17.0.9\bin"/>
    <property name="sun.java.command" value="C:\Users\Renato\AppData\Local\Temp\surefire13497775988276093610\surefirebooter-20231029170159744_3.jar C:\Users\Renato\AppData\Local\Temp\surefire13497775988276093610 2023-10-29T17-01-59_118-jvmRun1 surefire-20231029170159744_1tmp surefire_0-20231029170159744_2tmp"/>
    <property name="jdk.debug" value="release"/>
    <property name="surefire.test.class.path" value="C:\Users\Renato\IdeaProjects\cobalt\Cobalt\examples\commands\target\test-classes;C:\Users\Renato\IdeaProjects\cobalt\Cobalt\examples\commands\target\classes;C:\Users\Renato\.m2\repository\com\github\auties00\whatsappweb4j\3.4.8\whatsappweb4j-3.4.8.jar;C:\Users\Renato\.m2\repository\org\projectlombok\lombok\1.18.28\lombok-1.18.28.jar;C:\Users\Renato\.m2\repository\com\google\zxing\javase\3.5.1\javase-3.5.1.jar;C:\Users\Renato\.m2\repository\com\google\zxing\core\3.5.1\core-3.5.1.jar;C:\Users\Renato\.m2\repository\com\beust\jcommander\1.82\jcommander-1.82.jar;C:\Users\Renato\.m2\repository\com\github\jai-imageio\jai-imageio-core\1.4.0\jai-imageio-core-1.4.0.jar;C:\Users\Renato\.m2\repository\org\bouncycastle\bcpkix-jdk15on\1.70\bcpkix-jdk15on-1.70.jar;C:\Users\Renato\.m2\repository\org\bouncycastle\bcutil-jdk15on\1.70\bcutil-jdk15on-1.70.jar;C:\Users\Renato\.m2\repository\org\bouncycastle\bcprov-jdk15on\1.70\bcprov-jdk15on-1.70.jar;C:\Users\Renato\.m2\repository\com\github\auties00\protobuf-base\2.0.5\protobuf-base-2.0.5.jar;C:\Users\Renato\.m2\repository\com\fasterxml\jackson\core\jackson-databind\2.15.2\jackson-databind-2.15.2.jar;C:\Users\Renato\.m2\repository\com\fasterxml\jackson\core\jackson-annotations\2.15.2\jackson-annotations-2.15.2.jar;C:\Users\Renato\.m2\repository\com\fasterxml\jackson\core\jackson-core\2.15.2\jackson-core-2.15.2.jar;C:\Users\Renato\.m2\repository\com\fasterxml\jackson\datatype\jackson-datatype-jsr310\2.15.2\jackson-datatype-jsr310-2.15.2.jar;C:\Users\Renato\.m2\repository\com\fasterxml\jackson\datatype\jackson-datatype-jdk8\2.15.2\jackson-datatype-jdk8-2.15.2.jar;C:\Users\Renato\.m2\repository\com\fasterxml\jackson\dataformat\jackson-dataformat-smile\2.15.2\jackson-dataformat-smile-2.15.2.jar;C:\Users\Renato\.m2\repository\com\github\auties00\map-module\1.3\map-module-1.3.jar;C:\Users\Renato\.m2\repository\com\github\auties00\curve25519\1.1\curve25519-1.1.jar;C:\Users\Renato\.m2\repository\io\github\classgraph\classgraph\4.8.160\classgraph-4.8.160.jar;C:\Users\Renato\.m2\repository\com\github\auties00\link-preview\2.1\link-preview-2.1.jar;C:\Users\Renato\.m2\repository\org\jsoup\jsoup\1.15.3\jsoup-1.15.3.jar;C:\Users\Renato\.m2\repository\com\github\auties00\qr-terminal\2.2\qr-terminal-2.2.jar;C:\Users\Renato\.m2\repository\com\googlecode\ez-vcard\ez-vcard\0.11.3\ez-vcard-0.11.3.jar;C:\Users\Renato\.m2\repository\com\github\mangstadt\vinnie\2.0.2\vinnie-2.0.2.jar;C:\Users\Renato\.m2\repository\org\freemarker\freemarker\2.3.31\freemarker-2.3.31.jar;C:\Users\Renato\.m2\repository\com\googlecode\libphonenumber\libphonenumber\8.13.13\libphonenumber-8.13.13.jar;C:\Users\Renato\.m2\repository\net\dongliu\apk-parser\2.6.10\apk-parser-2.6.10.jar;C:\Users\Renato\.m2\repository\org\apache\pdfbox\pdfbox\2.0.27\pdfbox-2.0.27.jar;C:\Users\Renato\.m2\repository\org\apache\pdfbox\fontbox\2.0.27\fontbox-2.0.27.jar;C:\Users\Renato\.m2\repository\commons-logging\commons-logging\1.2\commons-logging-1.2.jar;C:\Users\Renato\.m2\repository\org\apache\poi\poi-ooxml\5.2.3\poi-ooxml-5.2.3.jar;C:\Users\Renato\.m2\repository\org\apache\poi\poi\5.2.3\poi-5.2.3.jar;C:\Users\Renato\.m2\repository\com\zaxxer\SparseBitSet\1.2\SparseBitSet-1.2.jar;C:\Users\Renato\.m2\repository\org\apache\poi\poi-ooxml-lite\5.2.3\poi-ooxml-lite-5.2.3.jar;C:\Users\Renato\.m2\repository\org\apache\xmlbeans\xmlbeans\5.1.1\xmlbeans-5.1.1.jar;C:\Users\Renato\.m2\repository\org\apache\commons\commons-compress\1.21\commons-compress-1.21.jar;C:\Users\Renato\.m2\repository\commons-io\commons-io\2.11.0\commons-io-2.11.0.jar;C:\Users\Renato\.m2\repository\com\github\virtuald\curvesapi\1.07\curvesapi-1.07.jar;C:\Users\Renato\.m2\repository\org\apache\logging\log4j\log4j-api\2.18.0\log4j-api-2.18.0.jar;C:\Users\Renato\.m2\repository\org\apache\commons\commons-collections4\4.4\commons-collections4-4.4.jar;C:\Users\Renato\.m2\repository\org\apache\poi\poi-scratchpad\5.2.3\poi-scratchpad-5.2.3.jar;C:\Users\Renato\.m2\repository\org\apache\commons\commons-math3\3.6.1\commons-math3-3.6.1.jar;C:\Users\Renato\.m2\repository\commons-codec\commons-codec\1.15\commons-codec-1.15.jar;C:\Users\Renato\.m2\repository\io\netty\netty-buffer\4.1.93.Final\netty-buffer-4.1.93.Final.jar;C:\Users\Renato\.m2\repository\io\netty\netty-common\4.1.93.Final\netty-common-4.1.93.Final.jar;C:\Users\Renato\.m2\repository\org\apache\logging\log4j\log4j-core\2.20.0\log4j-core-2.20.0.jar;C:\Users\Renato\.m2\repository\org\slf4j\slf4j-nop\2.0.7\slf4j-nop-2.0.7.jar;C:\Users\Renato\.m2\repository\org\slf4j\slf4j-api\2.0.7\slf4j-api-2.0.7.jar;"/>
    <property name="sun.cpu.endian" value="little"/>
    <property name="user.home" value="C:\Users\Renato"/>
    <property name="user.language" value="pt"/>
    <property name="java.specification.vendor" value="Oracle Corporation"/>
    <property name="java.version.date" value="2023-10-17"/>
    <property name="java.home" value="C:\Users\Renato\.jdks\temurin-17.0.9"/>
    <property name="file.separator" value="\"/>
    <property name="basedir" value="C:\Users\Renato\IdeaProjects\cobalt\Cobalt\examples\commands"/>
    <property name="java.vm.compressedOopsMode" value="Zero based"/>
    <property name="line.separator" value="&#10;"/>
    <property name="java.vm.specification.vendor" value="Oracle Corporation"/>
    <property name="java.specification.name" value="Java Platform API Specification"/>
    <property name="surefire.real.class.path" value="C:\Users\Renato\AppData\Local\Temp\surefire13497775988276093610\surefirebooter-20231029170159744_3.jar"/>
    <property name="user.script" value=""/>
    <property name="sun.management.compiler" value="HotSpot 64-Bit Tiered Compilers"/>
    <property name="java.runtime.version" value="17.0.9+9"/>
    <property name="user.name" value="Renato"/>
    <property name="path.separator" value=";"/>
    <property name="os.version" value="10.0"/>
    <property name="java.runtime.name" value="OpenJDK Runtime Environment"/>
    <property name="file.encoding" value="Cp1252"/>
    <property name="java.vm.name" value="OpenJDK 64-Bit Server VM"/>
    <property name="java.vendor.version" value="Temurin-17.0.9+9"/>
    <property name="localRepository" value="C:\Users\Renato\.m2\repository"/>
    <property name="java.vendor.url.bug" value="https://github.com/adoptium/adoptium-support/issues"/>
    <property name="java.io.tmpdir" value="C:\Users\Renato\AppData\Local\Temp\"/>
    <property name="idea.version" value="2023.2.4"/>
    <property name="java.version" value="17.0.9"/>
    <property name="user.dir" value="C:\Users\Renato\IdeaProjects\cobalt\Cobalt\examples\commands"/>
    <property name="os.arch" value="amd64"/>
    <property name="java.vm.specification.name" value="Java Virtual Machine Specification"/>
    <property name="sun.os.patch.level" value=""/>
    <property name="native.encoding" value="Cp1252"/>
    <property name="java.library.path" value="C:\Users\Renato\.jdks\temurin-17.0.9\bin;C:\Windows\Sun\Java\bin;C:\Windows\system32;C:\Windows;C:\Python311\Scripts\;C:\Python311\;C:\Program Files\Common Files\Oracle\Java\javapath;C:\Windows\system32;C:\Windows;C:\Windows\System32\Wbem;C:\Windows\System32\WindowsPowerShell\v1.0\;C:\Program Files (x86)\NVIDIA Corporation\PhysX\Common;C:\Program Files\NVIDIA Corporation\NVIDIA NvDLISR;C:\apache-maven-3.8.6\bin;C:\Program Files\dotnet\;C:\Windows\system32;C:\Windows;C:\Windows\System32\Wbem;C:\Windows\System32\WindowsPowerShell\v1.0\;C:\Windows\System32\OpenSSH\;C:\Program Files\nodejs\;C:\ProgramData\chocolatey\bin;C:\Program Files\Docker\Docker\resources\bin;C:\Program Files\Git\cmd;C:\Program Files\MongoDB\Server\6.0\bin;C:\Program Files\mongosh-1.8.2-win32-x64\mongosh-1.8.2-win32-x64\bin;C:\Program Files\Go\bin;C:\Users\Renato\AppData\Local\Programs\Python\Python38;C:\Users\Renato\AppData\Local\Programs\Python\Python38\Scripts;C:\Program Files\JetBrains\IntelliJ IDEA Community Edition 2022.2.1\bin;C:\Program Files\JetBrains\IntelliJ IDEA 2023.1.1\bin;C:\Program Files\JetBrains\CLion 2022.2.4\bin;C:\Users\Renato\AppData\Local\Microsoft\WindowsApps;C:\Users\Renato\AppData\Roaming\npm;C:\Program Files\heroku\bin;C:\Users\Renato\.dotnet\tools;C:\Users\Renato\.jdks\openjdk-19.0.2\bin;C:\Program Files\JetBrains\WebStorm 2023.1.1\bin;C:\Users\Renato\AppData\Local\Programs\Microsoft VS Code\bin;C:\Users\Renato\go\bin;."/>
    <property name="java.vm.info" value="mixed mode, sharing"/>
    <property name="java.vendor" value="Eclipse Adoptium"/>
    <property name="java.vm.version" value="17.0.9+9"/>
    <property name="sun.io.unicode.encoding" value="UnicodeLittle"/>
    <property name="java.class.version" value="61.0"/>
  </properties>
</testsuite>